<?xml version="1.0" encoding="UTF-8"?>
<!-- Generated by org.testng.reporters.JUnitReportReporter -->
<testsuite skipped="0" hostname="LAPTOP-B61QD0RI" name="pageObject.LoginTest" tests="1" failures="0" timestamp="2019-11-23T15:54:31 EST" time="27.295" errors="0">
  <testcase name="login" time="27.295" classname="pageObject.LoginTest"/>
</testsuite> <!-- pageObject.LoginTest -->
