<?xml version="1.0" encoding="UTF-8"?>
<!-- Generated by org.testng.reporters.JUnitReportReporter -->
<testsuite skipped="0" hostname="LAPTOP-B61QD0RI" name="pageObject.AppTest" tests="1" failures="0" timestamp="2019-11-23T15:54:32 EST" time="0.013" errors="0">
  <testcase name="shouldAnswerWithTrue" time="0.013" classname="pageObject.AppTest"/>
</testsuite> <!-- pageObject.AppTest -->
