<?xml version="1.0" encoding="UTF-8"?>
<!-- Generated by org.testng.reporters.JUnitReportReporter -->
<testsuite skipped="0" hostname="LAPTOP-B61QD0RI" name="pageObject.VerifyName" tests="1" failures="0" timestamp="2019-11-29T14:35:59 EST" time="17.274" errors="0">
  <testcase name="testName" time="17.274" classname="pageObject.VerifyName"/>
</testsuite> <!-- pageObject.VerifyName -->
