<?xml version="1.0" encoding="UTF-8"?>
<!-- Generated by org.testng.reporters.JUnitReportReporter -->
<testsuite skipped="0" hostname="LAPTOP-B61QD0RI" name="pageObject.VerifyName" tests="1" failures="0" timestamp="2019-11-26T13:52:37 EST" time="28.876" errors="0">
  <testcase name="testName" time="28.876" classname="pageObject.VerifyName"/>
</testsuite> <!-- pageObject.VerifyName -->
