<?xml version="1.0" encoding="UTF-8"?>
<!-- Generated by org.testng.reporters.JUnitReportReporter -->
<testsuite skipped="0" hostname="LAPTOP-B61QD0RI" name="cucumberOptions.TestRunner" tests="2" failures="0" timestamp="2019-12-06T14:15:54 EST" time="30.326" errors="0">
  <testcase name="runScenario" time="11.205" classname="cucumberOptions.TestRunner"/>
  <testcase name="runScenario" time="19.121" classname="cucumberOptions.TestRunner"/>
</testsuite> <!-- cucumberOptions.TestRunner -->
